<?xml version="1.0" encoding="UTF-8"?>
<robot generator="Robot 7.1.1 (Python 3.11.9 on win32)" generated="2024-11-17T16:21:17.017698" rpa="false" schemaversion="5">
<suite id="s1" name="Tests" source="C:\Users\Leone\webcounta\src\tests">
<suite id="s1-s1" name="Increment" source="C:\Users\Leone\webcounta\src\tests\increment.robot">
<kw name="Open And Configure Browser" owner="resource" type="SETUP">
<if>
<branch type="IF" condition="$BROWSER == 'chrome'">
<kw name="Evaluate" owner="BuiltIn">
<msg time="2024-11-17T16:21:17.363078" level="INFO">${options} = &lt;selenium.webdriver.chrome.options.Options object at 0x000001AEF5FD6650&gt;</msg>
<var>${options}</var>
<arg>sys.modules['selenium.webdriver'].ChromeOptions()</arg>
<arg>sys</arg>
<doc>Evaluates the given expression in Python and returns the result.</doc>
<status status="PASS" start="2024-11-17T16:21:17.363078" elapsed="0.000000"/>
</kw>
<status status="PASS" start="2024-11-17T16:21:17.357715" elapsed="0.005363"/>
</branch>
<branch type="ELSE IF" condition="$BROWSER == 'firefox'">
<kw name="Evaluate" owner="BuiltIn">
<var>${options}</var>
<arg>sys.modules['selenium.webdriver'].FirefoxOptions()</arg>
<arg>sys</arg>
<doc>Evaluates the given expression in Python and returns the result.</doc>
<status status="NOT RUN" start="2024-11-17T16:21:17.363078" elapsed="0.000000"/>
</kw>
<status status="NOT RUN" start="2024-11-17T16:21:17.363078" elapsed="0.000000"/>
</branch>
<status status="PASS" start="2024-11-17T16:21:17.357715" elapsed="0.005363"/>
</if>
<if>
<branch type="IF" condition="$HEADLESS == 'true'">
<kw name="Set Selenium Speed" owner="SeleniumLibrary">
<arg>0</arg>
<doc>Sets the delay that is waited after each Selenium command.</doc>
<status status="NOT RUN" start="2024-11-17T16:21:17.363078" elapsed="0.000000"/>
</kw>
<kw name="Call Method" owner="BuiltIn">
<arg>${options}</arg>
<arg>add_argument</arg>
<arg>--headless</arg>
<doc>Calls the named method of the given object with the provided arguments.</doc>
<status status="NOT RUN" start="2024-11-17T16:21:17.363078" elapsed="0.000000"/>
</kw>
<status status="NOT RUN" start="2024-11-17T16:21:17.363078" elapsed="0.000000"/>
</branch>
<branch type="ELSE">
<kw name="Set Selenium Speed" owner="SeleniumLibrary">
<arg>${DELAY}</arg>
<doc>Sets the delay that is waited after each Selenium command.</doc>
<status status="PASS" start="2024-11-17T16:21:17.363078" elapsed="0.003053"/>
</kw>
<status status="PASS" start="2024-11-17T16:21:17.363078" elapsed="0.003053"/>
</branch>
<status status="PASS" start="2024-11-17T16:21:17.363078" elapsed="0.003053"/>
</if>
<kw name="Open Browser" owner="SeleniumLibrary">
<msg time="2024-11-17T16:21:17.366131" level="INFO">Opening browser 'chrome' to base url 'None'.</msg>
<arg>browser=${BROWSER}</arg>
<arg>options=${options}</arg>
<doc>Opens a new browser instance to the optional ``url``.</doc>
<status status="PASS" start="2024-11-17T16:21:17.366131" elapsed="2.114731"/>
</kw>
<status status="PASS" start="2024-11-17T16:21:17.357715" elapsed="2.123147"/>
</kw>
<test id="s1-s1-t1" name="At start the counter is zero" line="7">
<kw name="Go To" owner="SeleniumLibrary">
<msg time="2024-11-17T16:21:19.480862" level="INFO">Opening url 'http://localhost:5001'</msg>
<arg>${HOME_URL}</arg>
<doc>Navigates the current browser window to the provided ``url``.</doc>
<status status="PASS" start="2024-11-17T16:21:19.480862" elapsed="0.920294"/>
</kw>
<kw name="Title Should Be" owner="SeleniumLibrary">
<msg time="2024-11-17T16:21:20.916903" level="INFO">Page title is 'Laskuri'.</msg>
<arg>Laskuri</arg>
<doc>Verifies that the current page title equals ``title``.</doc>
<status status="PASS" start="2024-11-17T16:21:20.401156" elapsed="0.515747"/>
</kw>
<kw name="Page Should Contain" owner="SeleniumLibrary">
<msg time="2024-11-17T16:21:21.944057" level="INFO">Current page contains text 'nappia painettu 0 kertaa'.</msg>
<arg>nappia painettu 0 kertaa</arg>
<doc>Verifies that current page contains ``text``.</doc>
<status status="PASS" start="2024-11-17T16:21:20.916903" elapsed="1.027154"/>
</kw>
<status status="PASS" start="2024-11-17T16:21:19.480862" elapsed="2.463195"/>
</test>
<test id="s1-s1-t2" name="When button pressed twice the counter is two" line="12">
<kw name="Go To" owner="SeleniumLibrary">
<msg time="2024-11-17T16:21:21.944057" level="INFO">Opening url 'http://localhost:5001'</msg>
<arg>${HOME_URL}</arg>
<doc>Navigates the current browser window to the provided ``url``.</doc>
<status status="PASS" start="2024-11-17T16:21:21.944057" elapsed="0.546966"/>
</kw>
<kw name="Click Button" owner="SeleniumLibrary">
<msg time="2024-11-17T16:21:22.492821" level="INFO">Clicking button 'Paina'.</msg>
<arg>Paina</arg>
<doc>Clicks the button identified by ``locator``.</doc>
<status status="PASS" start="2024-11-17T16:21:22.491681" elapsed="2.031685"/>
</kw>
<kw name="Click Button" owner="SeleniumLibrary">
<msg time="2024-11-17T16:21:24.523366" level="INFO">Clicking button 'Paina'.</msg>
<arg>Paina</arg>
<doc>Clicks the button identified by ``locator``.</doc>
<status status="PASS" start="2024-11-17T16:21:24.523366" elapsed="1.680824"/>
</kw>
<kw name="Page Should Contain" owner="SeleniumLibrary">
<msg time="2024-11-17T16:21:27.240690" level="INFO">Current page contains text 'nappia painettu 2 kertaa'.</msg>
<arg>nappia painettu 2 kertaa</arg>
<doc>Verifies that current page contains ``text``.</doc>
<status status="PASS" start="2024-11-17T16:21:26.204190" elapsed="1.036500"/>
</kw>
<status status="PASS" start="2024-11-17T16:21:21.944057" elapsed="5.296633"/>
</test>
<kw name="Close Browser" owner="SeleniumLibrary" type="TEARDOWN">
<doc>Closes the current browser.</doc>
<status status="PASS" start="2024-11-17T16:21:27.240690" elapsed="2.653257"/>
</kw>
<status status="PASS" start="2024-11-17T16:21:17.052854" elapsed="12.841093"/>
</suite>
<status status="PASS" start="2024-11-17T16:21:17.018766" elapsed="12.877005"/>
</suite>
<statistics>
<total>
<stat pass="2" fail="0" skip="0">All Tests</stat>
</total>
<tag>
</tag>
<suite>
<stat pass="2" fail="0" skip="0" id="s1" name="Tests">Tests</stat>
<stat pass="2" fail="0" skip="0" id="s1-s1" name="Increment">Tests.Increment</stat>
</suite>
</statistics>
<errors>
</errors>
</robot>
